[17:25:28] [EmployeeApp] [debug] Employee before adding: -name {Employee Name1} -id <undefined> -address_id <undefined> -rollno INBNG0001
[17:25:28] [EmployeeApp] [debug] Address before adding: -name {Employee Name1} -id <undefined> -address_id <undefined> -rollno INBNG0001
[17:25:28] [::tdbo::SQLite] [debug] INSERT INTO address (country, addrline1, city, addrline2, postalcode) VALUES ('Country Name', 'Address Line 1', 'City Name', 'Address Line 2', '560000')
[17:25:28] [::tdbo::SQLite] [debug] INSERT INTO employee (name, address_id, rollno) VALUES ('Employee Name1', '10', 'INBNG0001')
[17:25:29] [EmployeeApp] [debug] Employee after adding: -name {Employee Name1} -id 7 -address_id 10 -rollno INBNG0001
[17:25:29] [EmployeeApp] [debug] Address after adding: -country {Country Name} -addrline1 {Address Line 1} -city {City Name} -addrline2 {Address Line 2} -id 10 -postalcode 560000
[17:25:29] [::tdbo::SQLite] [debug] UPDATE address SET country='Updated Country Name', addrline1='Updated Address Line 1', city='Updated City Name', addrline2='Updated Address Line 2', postalcode='Updated Postal Code' WHERE ((id='10'))
[17:25:29] [::tdbo::SQLite] [debug] SELECT * FROM address WHERE ((id='10'))
[17:25:29] [EmployeeApp] [debug] Modified address: -country {Updated Country Name} -addrline1 {Updated Address Line 1} -city {Updated City Name} -addrline2 {Updated Address Line 2} -id 10 -postalcode {Updated Postal Code}
[17:26:07] [EmployeeApp] [debug] Employee before adding: -name {Employee Name1} -id <undefined> -address_id <undefined> -rollno INBNG0001
[17:26:08] [EmployeeApp] [debug] Address before adding: -name {Employee Name1} -id <undefined> -address_id <undefined> -rollno INBNG0001
[17:26:08] [::tdbo::SQLite] [debug] INSERT INTO address (country, addrline1, city, addrline2, postalcode) VALUES ('Country Name', 'Address Line 1', 'City Name', 'Address Line 2', '560000')
[17:26:08] [::tdbo::SQLite] [debug] INSERT INTO employee (name, address_id, rollno) VALUES ('Employee Name1', '11', 'INBNG0001')
[17:26:08] [::SaveEmployee] [debug] Add Employee failed. Employee: -name {Employee Name1} -id <undefined> -address_id 11 -rollno INBNG0001
[17:26:08] [EmployeeApp] [debug] Saving Employee failed... Please delete any pre-existing records from the table
[17:27:00] [EmployeeApp] [debug] Employee before adding: -name {Employee Name1} -id <undefined> -address_id <undefined> -rollno INBNG0001
[17:27:00] [EmployeeApp] [debug] Address before adding: -name {Employee Name1} -id <undefined> -address_id <undefined> -rollno INBNG0001
[17:27:00] [::tdbo::SQLite] [debug] INSERT INTO address (country, addrline1, city, addrline2, postalcode) VALUES ('Country Name', 'Address Line 1', 'City Name', 'Address Line 2', '560000')
[17:27:00] [::tdbo::SQLite] [debug] INSERT INTO employee (name, address_id, rollno) VALUES ('Employee Name1', '11', 'INBNG0001')
[17:27:01] [EmployeeApp] [debug] Employee after adding: -name {Employee Name1} -id 8 -address_id 11 -rollno INBNG0001
[17:27:01] [EmployeeApp] [debug] Address after adding: -country {Country Name} -addrline1 {Address Line 1} -city {City Name} -addrline2 {Address Line 2} -id 11 -postalcode 560000
[17:27:01] [::tdbo::SQLite] [debug] UPDATE address SET country='Updated Country Name', addrline1='Updated Address Line 1', city='Updated City Name', addrline2='Updated Address Line 2', postalcode='Updated Postal Code' WHERE ((id='11'))
[17:27:01] [::tdbo::SQLite] [debug] SELECT * FROM address WHERE ((id='11'))
[17:27:01] [EmployeeApp] [debug] Modified address: -country {Updated Country Name} -addrline1 {Updated Address Line 1} -city {Updated City Name} -addrline2 {Updated Address Line 2} -id 11 -postalcode {Updated Postal Code}
